Started at Fri Jan 08 13:39:08 UTC 2021
Processing ansible-test
Offering ansible-test to Project Build Discarder
Processing backup-to-aws-s3
Offering backup-to-aws-s3 to Project Build Discarder
Processing my-first-job
Offering my-first-job to Project Build Discarder
Processing remote-task
Offering remote-task to Project Build Discarder
Finished at Fri Jan 08 13:39:08 UTC 2021. 444ms
Started at Fri Jan 08 14:39:04 UTC 2021
Processing ansible-test
Offering ansible-test to Project Build Discarder
Processing backup-to-aws-s3
Offering backup-to-aws-s3 to Project Build Discarder
Processing my-first-job
Offering my-first-job to Project Build Discarder
Processing remote-task
Offering remote-task to Project Build Discarder
Finished at Fri Jan 08 14:39:04 UTC 2021. 466ms
